<?xml version="1.0" encoding="UTF-8"?>
<!-- Generated by org.testng.reporters.JUnitReportReporter -->
<testsuite hostname="DESKTOP-TIACE3S" failures="0" tests="4" name="com.tutorialninja.qa.testcases.Register" time="37.952" errors="0" timestamp="2023-12-20T11:35:06 IST" skipped="0">
  <testcase classname="com.tutorialninja.qa.testcases.Register" name="verifyRegistrationWithOnlyWithMandetoryFields" time="9.464"/>
  <testcase classname="com.tutorialninja.qa.testcases.Register" name="verifyRegistrationWithAllWithMandetoryFields" time="8.802"/>
  <testcase classname="com.tutorialninja.qa.testcases.Register" name="verifyRegistrationWithOnlyWithSameFields" time="10.835"/>
  <testcase classname="com.tutorialninja.qa.testcases.Register" name="verifyRegistrationWithOnlyWithEmptyFields" time="8.851"/>
</testsuite> <!-- com.tutorialninja.qa.testcases.Register -->
