<?xml version="1.0" encoding="UTF-8"?>
<!-- Generated by org.testng.reporters.JUnitReportReporter -->
<testsuite hostname="DESKTOP-TIACE3S" failures="0" tests="3" name="com.tutorialninja.qa.testcases.Login" time="22.663" errors="0" timestamp="2023-12-20T11:35:06 IST" skipped="0">
  <testcase classname="com.tutorialninja.qa.testcases.Login" name="logInWithValidCreedentials" time="7.460"/>
  <testcase classname="com.tutorialninja.qa.testcases.Login" name="verifyLogInWithInvalidCredentials" time="8.299"/>
  <testcase classname="com.tutorialninja.qa.testcases.Login" name="logInWithNoCredentials" time="6.904"/>
</testsuite> <!-- com.tutorialninja.qa.testcases.Login -->
